


=== String Crimes ===
Original: Hello, world! How are you?
Reversed words: olleH, dlrow! woH era uoy?
Zalgo'd: Ḧ́̉̽͏E̠̯ͧ̊͟L͚̤ͤLͭ̂Ȍ̪͕̃ͩ
UwUified: Dis is a sewious businyess appwication uwu



=== Temporal Shenanigans ===
What day was 2000-01-01? Saturday
Seconds until Christmas: 17010869
Unix epoch as human time: 1993-08-24 17:46:40



=== List Crimes ===
Nested: [1, [2, 3, [4, 5]], 6, [[7]]]
Flattened: [1, 2, 3, 4, 5, 6, 7]
Rotate [1,2,3,4,5] by 2: [4, 5, 1, 2, 3]
Chunk [1..10] by 3: [[1, 2, 3], [4, 5, 6], [7, 8, 9], [10]]



=== Color Chaos ===
#FF5733 to RGB: (255, 87, 51)
RGB(255,87,51) to HSL: (10.588235294117647, 100.0, 60.0)
Complement of #FF5733: #33DBFF


=== Mathematical Chaos ===
100th digit of π: 9
Prime factors of 3734775621: [3, 3, 3, 3, 3, 3, 43, 283, 421]
Fibonacci(50) mod cheese: 481



=== Peak Absurdity ===
Fake ipsum: Metadata quantum serverless scrum full-stack monorepo serverless sprint lorem prompt ipsum pipeline backlog schema compiler.
Excuse generator: In my defense, a pigeon challenged my commute architecture, so I waited for the system to become eventually consistent Also: agile. I would have been on time, but a pigeon challenged my commute architecture, so I followed the documented escalation path: panic, then snacks Also: token. Unfortunately, the coffee machine requested a firmware update, so I followed the documented escalation path: panic, then snacks.
Rock vs Spock: Player 2 wins: Spock vaporizes rock.

✨ If you're not questioning your life choices, you're not dreaming big enough.
EXIT=0 SECS=215
